Built in RelWithDebInfo mode using 19.12.0.

---  Software Radio Systems LTE eNodeB  ---

Reading configuration file /etc/srslte/enb.conf...
Opening 1 RF devices with 1 RF channels...
Opening USRP with args: type=x300,master_clock_rate=184.32e6
Setting frequency: DL=2650.0 Mhz, UL=2530.0 MHz
Setting Sampling frequency 11.52 MHz

==== eNodeB started ===
Type <t> to view trace
Enter t to stop trace.
RACH:  tti=8831, preamble=48, offset=5, temp_crnti=0x46

------DL------------------------------UL----------------------------------
rnti  cqi    ri   mcs  brate   bler   snr   phr   mcs  brate   bler    bsr
46   13.9     0  6.25  1.64k     0%  8.38   0.0  6.98  10.5k    65%    0.0
User 0x46 connected
46   14.6     0  5.50  1.67k     0%  5.78   0.0  8.40  58.3k    75%    0.0
46   14.5     0  5.20   0.0     0%  5.68   0.0  8.44   0.0     0%    0.0
46   14.6     0  5.20   0.0     0%  5.68   0.0  8.44   0.0     0%    0.0
46   14.8     0  5.20   0.0     0%  5.68   0.0  8.44   0.0     0%    0.0
46   14.6     0  5.20   0.0     0%  5.68   0.0  8.44   0.0     0%    0.0
46   14.6     0  5.20   0.0     0%  5.68   0.0  8.44   0.0     0%    0.0
46   14.3     0  5.20   0.0     0%  5.68   0.0  8.44   0.0     0%    0.0
46   14.8     0  5.20   0.0     0%  5.68   0.0  8.44   0.0     0%    0.0
46   14.8     0  5.20   0.0     0%  5.68   0.0  8.44   0.0     0%    0.0
46   14.7     0  5.20   0.0     0%  5.68   0.0  8.44   0.0     0%    0.0

------DL------------------------------UL----------------------------------
rnti  cqi    ri   mcs  brate   bler   snr   phr   mcs  brate   bler    bsr
46   14.9     0  5.20   0.0     0%  5.68   0.0  8.44   0.0     0%    0.0
46   14.0     0  5.20   0.0     0%  5.68   0.0  8.44   0.0     0%    0.0
46   14.6     0  5.20   0.0     0%  5.68   0.0  8.44   0.0     0%    0.0
46   14.6     0  5.20   0.0     0%  5.68   0.0  8.44   0.0     0%    0.0
46   14.6     0  5.20   0.0     0%  5.68   0.0  8.44   0.0     0%    0.0
46   14.7     0  5.20   0.0     0%  5.68   0.0  8.44   0.0     0%    0.0
46   14.7     0  5.20   0.0     0%  5.68   0.0  8.44   0.0     0%    0.0
46   14.2     0  5.20   0.0     0%  5.68   0.0  8.44   0.0     0%    0.0
46   14.9     0  5.20   0.0     0%  5.68   0.0  8.44   0.0     0%    0.0
46   14.1     0  5.20   0.0     0%  5.68   0.0  8.44   0.0     0%    0.0
46   13.8     0  5.20   0.0     0%  5.68   0.0  8.44   0.0     0%    0.0

------DL------------------------------UL----------------------------------
rnti  cqi    ri   mcs  brate   bler   snr   phr   mcs  brate   bler    bsr
46   14.7     0  5.20   0.0     0%  5.68   0.0  8.44   0.0     0%    0.0
46   14.9     0  5.20   0.0     0%  5.68   0.0  8.44   0.0     0%    0.0
46   14.8     0  5.20   0.0     0%  5.68   0.0  8.44   0.0     0%    0.0
46   14.4     0  5.20   0.0     0%  5.68   0.0  8.44   0.0     0%    0.0
46   14.9     0  5.20   0.0     0%  5.68   0.0  8.44   0.0     0%    0.0
46   15.0     0  5.20   0.0     0%  5.68   0.0  8.44   0.0     0%    0.0
46   14.8     0  5.20   0.0     0%  5.68   0.0  8.44   0.0     0%    0.0
46   14.8     0  5.20   0.0     0%  5.68   0.0  8.44   0.0     0%    0.0
46   14.7     0  5.20   0.0     0%  5.68   0.0  8.44   0.0     0%    0.0
46   14.6     0  5.20   0.0     0%  5.68   0.0  8.44   0.0     0%    0.0
46   14.6     0  5.20   0.0     0%  5.68   0.0  8.44   0.0     0%    0.0

------DL------------------------------UL----------------------------------
rnti  cqi    ri   mcs  brate   bler   snr   phr   mcs  brate   bler    bsr
46   13.8     0  5.20   0.0     0%  5.68   0.0  8.44   0.0     0%    0.0
46   14.9     0  5.20   0.0     0%  5.68   0.0  8.44   0.0     0%    0.0
46   14.8     0  5.20   0.0     0%  5.68   0.0  8.44   0.0     0%    0.0
46   14.6     0  5.20   0.0     0%  5.68   0.0  8.44   0.0     0%    0.0
46   14.8     0  5.20   0.0     0%  5.68   0.0  8.44   0.0     0%    0.0
46   14.9     0  5.20   0.0     0%  5.68   0.0  8.44   0.0     0%    0.0
46   14.2     0  5.20   0.0     0%  5.68   0.0  8.44   0.0     0%    0.0
46   15.0     0  5.20   0.0     0%  5.68   0.0  8.44   0.0     0%    0.0
46   14.6     0  5.20   0.0     0%  5.68   0.0  8.44   0.0     0%    0.0
46   14.4     0  5.20   0.0     0%  5.68   0.0  8.44   0.0     0%    0.0
46   14.3     0  5.20   0.0     0%  5.68   0.0  8.44   0.0     0%    0.0

------DL------------------------------UL----------------------------------
rnti  cqi    ri   mcs  brate   bler   snr   phr   mcs  brate   bler    bsr
46   14.2     0  5.20   0.0     0%  5.68   0.0  8.44   0.0     0%    0.0
46   13.7     0  5.20   0.0     0%  5.68   0.0  8.44   0.0     0%    0.0
46   14.0     0  5.20   0.0     0%  5.68   0.0  8.44   0.0     0%    0.0
46   14.2     0  5.20   0.0     0%  5.68   0.0  8.44   0.0     0%    0.0
46   14.4     0  5.20   0.0     0%  5.68   0.0  8.44   0.0     0%    0.0
46   14.2     0  5.20   0.0     0%  5.68   0.0  8.44   0.0     0%    0.0
46   14.1     0  5.20   0.0     0%  5.68   0.0  8.44   0.0     0%    0.0
46   14.0     0  5.20   0.0     0%  5.68   0.0  8.44   0.0     0%    0.0
46   14.1     0  5.20   0.0     0%  5.68   0.0  8.44   0.0     0%    0.0
46   14.1     0  5.20   0.0     0%  5.68   0.0  8.44   0.0     0%    0.0
46   13.7     0  5.20   0.0     0%  5.68   0.0  8.44   0.0     0%    0.0

------DL------------------------------UL----------------------------------
rnti  cqi    ri   mcs  brate   bler   snr   phr   mcs  brate   bler    bsr
46   14.4     0  5.20   0.0     0%  5.68   0.0  8.44   0.0     0%    0.0
46   14.3     0  5.20   0.0     0%  5.68   0.0  8.44   0.0     0%    0.0
46   14.3     0  5.20   0.0     0%  5.68   0.0  8.44   0.0     0%    0.0
46   14.0     0  5.20   0.0     0%  5.68   0.0  8.44   0.0     0%    0.0
46   14.3     0  5.20   0.0     0%  5.68   0.0  8.44   0.0     0%    0.0
46   13.6     0  5.20   0.0     0%  5.68   0.0  8.44   0.0     0%    0.0
RACH:  tti=8421, preamble=15, offset=1, temp_crnti=0x47
RACH:  tti=8441, preamble=20, offset=1, temp_crnti=0x48
RACH:  tti=8481, preamble=47, offset=1, temp_crnti=0x49
Disconnecting rnti=0x46.
Disconnecting rnti=0x47.
Disconnecting rnti=0x48.
Disconnecting rnti=0x49.
RACH:  tti=8741, preamble=16, offset=22, temp_crnti=0x4a
RACH:  tti=8801, preamble=22, offset=17, temp_crnti=0x4b
RACH:  tti=8821, preamble=34, offset=15, temp_crnti=0x4c
Disconnecting rnti=0x4a.
Disconnecting rnti=0x4b.
Disconnecting rnti=0x4c.
RF status: O=0, U=1, L=16181
RACH:  tti=10101, preamble=29, offset=29, temp_crnti=0x4d
Disconnecting rnti=0x4d.
RACH:  tti=121, preamble=23, offset=1, temp_crnti=0x4e
RF status: O=0, U=0, L=20329
4e  0.100     0  5.20   0.0     0%  5.68   0.0  8.44   0.0     0%    0.0
RACH:  tti=181, preamble=9, offset=1, temp_crnti=0x4f
RACH:  tti=201, preamble=23, offset=1, temp_crnti=0x50
Disconnecting rnti=0x4e.
RACH:  tti=221, preamble=18, offset=1, temp_crnti=0x51
RACH:  tti=241, preamble=49, offset=1, temp_crnti=0x52
RACH:  tti=261, preamble=30, offset=1, temp_crnti=0x53
Disconnecting rnti=0x4f.
Disconnecting rnti=0x50.
Disconnecting rnti=0x51.
Disconnecting rnti=0x52.
Disconnecting rnti=0x53.

