OpenJDK 64-Bit Server VM warning: If the number of processors is expected to increase from one, then you should configure the number of parallel GC threads appropriately using -XX:ParallelGCThreads=N
[2021-04-10 01:42:22,107] INFO Registered kafka:type=kafka.Log4jController MBean (kafka.utils.Log4jControllerRegistration$)
[2021-04-10 01:42:22,632] INFO Setting -D jdk.tls.rejectClientInitiatedRenegotiation=true to disable client-initiated TLS renegotiation (org.apache.zookeeper.common.X509Util)
[2021-04-10 01:42:22,745] INFO Registered signal handlers for TERM, INT, HUP (org.apache.kafka.common.utils.LoggingSignalHandler)
[2021-04-10 01:42:22,749] INFO starting (kafka.server.KafkaServer)
[2021-04-10 01:42:22,749] INFO Connecting to zookeeper on localhost:2181 (kafka.server.KafkaServer)
[2021-04-10 01:42:22,787] INFO [ZooKeeperClient Kafka server] Initializing a new session to localhost:2181. (kafka.zookeeper.ZooKeeperClient)
[2021-04-10 01:42:22,791] INFO Client environment:zookeeper.version=3.5.8-f439ca583e70862c3068a1f2a7d4d068eec33315, built on 05/04/2020 15:53 GMT (org.apache.zookeeper.ZooKeeper)
[2021-04-10 01:42:22,792] INFO Client environment:host.name=localhost (org.apache.zookeeper.ZooKeeper)
[2021-04-10 01:42:22,792] INFO Client environment:java.version=1.8.0_282 (org.apache.zookeeper.ZooKeeper)
[2021-04-10 01:42:22,792] INFO Client environment:java.vendor=Red Hat, Inc. (org.apache.zookeeper.ZooKeeper)
[2021-04-10 01:42:22,792] INFO Client environment:java.home=/usr/lib/jvm/java-1.8.0-openjdk-1.8.0.282.b08-1.el7_9.x86_64/jre (org.apache.zookeeper.ZooKeeper)
[2021-04-10 01:42:22,792] INFO Client environment:java.class.path=/home/trenner/Documents/srsLTE_MMPN/Node_Scripts/Kafka_Scripts/../../Kafka/bin/../libs/activation-1.1.1.jar:/home/trenner/Documents/srsLTE_MMPN/Node_Scripts/Kafka_Scripts/../../Kafka/bin/../libs/aopalliance-repackaged-2.6.1.jar:/home/trenner/Documents/srsLTE_MMPN/Node_Scripts/Kafka_Scripts/../../Kafka/bin/../libs/argparse4j-0.7.0.jar:/home/trenner/Documents/srsLTE_MMPN/Node_Scripts/Kafka_Scripts/../../Kafka/bin/../libs/audience-annotations-0.5.0.jar:/home/trenner/Documents/srsLTE_MMPN/Node_Scripts/Kafka_Scripts/../../Kafka/bin/../libs/commons-cli-1.4.jar:/home/trenner/Documents/srsLTE_MMPN/Node_Scripts/Kafka_Scripts/../../Kafka/bin/../libs/commons-lang3-3.8.1.jar:/home/trenner/Documents/srsLTE_MMPN/Node_Scripts/Kafka_Scripts/../../Kafka/bin/../libs/connect-api-2.7.0.jar:/home/trenner/Documents/srsLTE_MMPN/Node_Scripts/Kafka_Scripts/../../Kafka/bin/../libs/connect-basic-auth-extension-2.7.0.jar:/home/trenner/Documents/srsLTE_MMPN/Node_Scripts/Kafka_Scripts/../../Kafka/bin/../libs/connect-file-2.7.0.jar:/home/trenner/Documents/srsLTE_MMPN/Node_Scripts/Kafka_Scripts/../../Kafka/bin/../libs/connect-json-2.7.0.jar:/home/trenner/Documents/srsLTE_MMPN/Node_Scripts/Kafka_Scripts/../../Kafka/bin/../libs/connect-mirror-2.7.0.jar:/home/trenner/Documents/srsLTE_MMPN/Node_Scripts/Kafka_Scripts/../../Kafka/bin/../libs/connect-mirror-client-2.7.0.jar:/home/trenner/Documents/srsLTE_MMPN/Node_Scripts/Kafka_Scripts/../../Kafka/bin/../libs/connect-runtime-2.7.0.jar:/home/trenner/Documents/srsLTE_MMPN/Node_Scripts/Kafka_Scripts/../../Kafka/bin/../libs/connect-transforms-2.7.0.jar:/home/trenner/Documents/srsLTE_MMPN/Node_Scripts/Kafka_Scripts/../../Kafka/bin/../libs/hk2-api-2.6.1.jar:/home/trenner/Documents/srsLTE_MMPN/Node_Scripts/Kafka_Scripts/../../Kafka/bin/../libs/hk2-locator-2.6.1.jar:/home/trenner/Documents/srsLTE_MMPN/Node_Scripts/Kafka_Scripts/../../Kafka/bin/../libs/hk2-utils-2.6.1.jar:/home/trenner/Documents/srsLTE_MMPN/Node_Scripts/Kafka_Scripts/../../Kafka/bin/../libs/jackson-annotations-2.10.5.jar:/home/trenner/Documents/srsLTE_MMPN/Node_Scripts/Kafka_Scripts/../../Kafka/bin/../libs/jackson-core-2.10.5.jar:/home/trenner/Documents/srsLTE_MMPN/Node_Scripts/Kafka_Scripts/../../Kafka/bin/../libs/jackson-databind-2.10.5.1.jar:/home/trenner/Documents/srsLTE_MMPN/Node_Scripts/Kafka_Scripts/../../Kafka/bin/../libs/jackson-dataformat-csv-2.10.5.jar:/home/trenner/Documents/srsLTE_MMPN/Node_Scripts/Kafka_Scripts/../../Kafka/bin/../libs/jackson-datatype-jdk8-2.10.5.jar:/home/trenner/Documents/srsLTE_MMPN/Node_Scripts/Kafka_Scripts/../../Kafka/bin/../libs/jackson-jaxrs-base-2.10.5.jar:/home/trenner/Documents/srsLTE_MMPN/Node_Scripts/Kafka_Scripts/../../Kafka/bin/../libs/jackson-jaxrs-json-provider-2.10.5.jar:/home/trenner/Documents/srsLTE_MMPN/Node_Scripts/Kafka_Scripts/../../Kafka/bin/../libs/jackson-module-jaxb-annotations-2.10.5.jar:/home/trenner/Documents/srsLTE_MMPN/Node_Scripts/Kafka_Scripts/../../Kafka/bin/../libs/jackson-module-paranamer-2.10.5.jar:/home/trenner/Documents/srsLTE_MMPN/Node_Scripts/Kafka_Scripts/../../Kafka/bin/../libs/jackson-module-scala_2.13-2.10.5.jar:/home/trenner/Documents/srsLTE_MMPN/Node_Scripts/Kafka_Scripts/../../Kafka/bin/../libs/jakarta.activation-api-1.2.1.jar:/home/trenner/Documents/srsLTE_MMPN/Node_Scripts/Kafka_Scripts/../../Kafka/bin/../libs/jakarta.annotation-api-1.3.5.jar:/home/trenner/Documents/srsLTE_MMPN/Node_Scripts/Kafka_Scripts/../../Kafka/bin/../libs/jakarta.inject-2.6.1.jar:/home/trenner/Documents/srsLTE_MMPN/Node_Scripts/Kafka_Scripts/../../Kafka/bin/../libs/jakarta.validation-api-2.0.2.jar:/home/trenner/Documents/srsLTE_MMPN/Node_Scripts/Kafka_Scripts/../../Kafka/bin/../libs/jakarta.ws.rs-api-2.1.6.jar:/home/trenner/Documents/srsLTE_MMPN/Node_Scripts/Kafka_Scripts/../../Kafka/bin/../libs/jakarta.xml.bind-api-2.3.2.jar:/home/trenner/Documents/srsLTE_MMPN/Node_Scripts/Kafka_Scripts/../../Kafka/bin/../libs/javassist-3.25.0-GA.jar:/home/trenner/Documents/srsLTE_MMPN/Node_Scripts/Kafka_Scripts/../../Kafka/bin/../libs/javassist-3.26.0-GA.jar:/home/trenner/Documents/srsLTE_MMPN/Node_Scripts/Kafka_Scripts/../../Kafka/bin/../libs/javax.servlet-api-3.1.0.jar:/home/trenner/Documents/srsLTE_MMPN/Node_Scripts/Kafka_Scripts/../../Kafka/bin/../libs/javax.ws.rs-api-2.1.1.jar:/home/trenner/Documents/srsLTE_MMPN/Node_Scripts/Kafka_Scripts/../../Kafka/bin/../libs/jaxb-api-2.3.0.jar:/home/trenner/Documents/srsLTE_MMPN/Node_Scripts/Kafka_Scripts/../../Kafka/bin/../libs/jersey-client-2.31.jar:/home/trenner/Documents/srsLTE_MMPN/Node_Scripts/Kafka_Scripts/../../Kafka/bin/../libs/jersey-common-2.31.jar:/home/trenner/Documents/srsLTE_MMPN/Node_Scripts/Kafka_Scripts/../../Kafka/bin/../libs/jersey-container-servlet-2.31.jar:/home/trenner/Documents/srsLTE_MMPN/Node_Scripts/Kafka_Scripts/../../Kafka/bin/../libs/jersey-container-servlet-core-2.31.jar:/home/trenner/Documents/srsLTE_MMPN/Node_Scripts/Kafka_Scripts/../../Kafka/bin/../libs/jersey-hk2-2.31.jar:/home/trenner/Documents/srsLTE_MMPN/Node_Scripts/Kafka_Scripts/../../Kafka/bin/../libs/jersey-media-jaxb-2.31.jar:/home/trenner/Documents/srsLTE_MMPN/Node_Scripts/Kafka_Scripts/../../Kafka/bin/../libs/jersey-server-2.31.jar:/home/trenner/Documents/srsLTE_MMPN/Node_Scripts/Kafka_Scripts/../../Kafka/bin/../libs/jetty-client-9.4.33.v20201020.jar:/home/trenner/Documents/srsLTE_MMPN/Node_Scripts/Kafka_Scripts/../../Kafka/bin/../libs/jetty-continuation-9.4.33.v20201020.jar:/home/trenner/Documents/srsLTE_MMPN/Node_Scripts/Kafka_Scripts/../../Kafka/bin/../libs/jetty-http-9.4.33.v20201020.jar:/home/trenner/Documents/srsLTE_MMPN/Node_Scripts/Kafka_Scripts/../../Kafka/bin/../libs/jetty-io-9.4.33.v20201020.jar:/home/trenner/Documents/srsLTE_MMPN/Node_Scripts/Kafka_Scripts/../../Kafka/bin/../libs/jetty-security-9.4.33.v20201020.jar:/home/trenner/Documents/srsLTE_MMPN/Node_Scripts/Kafka_Scripts/../../Kafka/bin/../libs/jetty-server-9.4.33.v20201020.jar:/home/trenner/Documents/srsLTE_MMPN/Node_Scripts/Kafka_Scripts/../../Kafka/bin/../libs/jetty-servlet-9.4.33.v20201020.jar:/home/trenner/Documents/srsLTE_MMPN/Node_Scripts/Kafka_Scripts/../../Kafka/bin/../libs/jetty-servlets-9.4.33.v20201020.jar:/home/trenner/Documents/srsLTE_MMPN/Node_Scripts/Kafka_Scripts/../../Kafka/bin/../libs/jetty-util-9.4.33.v20201020.jar:/home/trenner/Documents/srsLTE_MMPN/Node_Scripts/Kafka_Scripts/../../Kafka/bin/../libs/jopt-simple-5.0.4.jar:/home/trenner/Documents/srsLTE_MMPN/Node_Scripts/Kafka_Scripts/../../Kafka/bin/../libs/kafka_2.13-2.7.0.jar:/home/trenner/Documents/srsLTE_MMPN/Node_Scripts/Kafka_Scripts/../../Kafka/bin/../libs/kafka_2.13-2.7.0-sources.jar:/home/trenner/Documents/srsLTE_MMPN/Node_Scripts/Kafka_Scripts/../../Kafka/bin/../libs/kafka-clients-2.7.0.jar:/home/trenner/Documents/srsLTE_MMPN/Node_Scripts/Kafka_Scripts/../../Kafka/bin/../libs/kafka-log4j-appender-2.7.0.jar:/home/trenner/Documents/srsLTE_MMPN/Node_Scripts/Kafka_Scripts/../../Kafka/bin/../libs/kafka-raft-2.7.0.jar:/home/trenner/Documents/srsLTE_MMPN/Node_Scripts/Kafka_Scripts/../../Kafka/bin/../libs/kafka-streams-2.7.0.jar:/home/trenner/Documents/srsLTE_MMPN/Node_Scripts/Kafka_Scripts/../../Kafka/bin/../libs/kafka-streams-examples-2.7.0.jar:/home/trenner/Documents/srsLTE_MMPN/Node_Scripts/Kafka_Scripts/../../Kafka/bin/../libs/kafka-streams-scala_2.13-2.7.0.jar:/home/trenner/Documents/srsLTE_MMPN/Node_Scripts/Kafka_Scripts/../../Kafka/bin/../libs/kafka-streams-test-utils-2.7.0.jar:/home/trenner/Documents/srsLTE_MMPN/Node_Scripts/Kafka_Scripts/../../Kafka/bin/../libs/kafka-tools-2.7.0.jar:/home/trenner/Documents/srsLTE_MMPN/Node_Scripts/Kafka_Scripts/../../Kafka/bin/../libs/log4j-1.2.17.jar:/home/trenner/Documents/srsLTE_MMPN/Node_Scripts/Kafka_Scripts/../../Kafka/bin/../libs/lz4-java-1.7.1.jar:/home/trenner/Documents/srsLTE_MMPN/Node_Scripts/Kafka_Scripts/../../Kafka/bin/../libs/maven-artifact-3.6.3.jar:/home/trenner/Documents/srsLTE_MMPN/Node_Scripts/Kafka_Scripts/../../Kafka/bin/../libs/metrics-core-2.2.0.jar:/home/trenner/Documents/srsLTE_MMPN/Node_Scripts/Kafka_Scripts/../../Kafka/bin/../libs/netty-buffer-4.1.51.Final.jar:/home/trenner/Documents/srsLTE_MMPN/Node_Scripts/Kafka_Scripts/../../Kafka/bin/../libs/netty-codec-4.1.51.Final.jar:/home/trenner/Documents/srsLTE_MMPN/Node_Scripts/Kafka_Scripts/../../Kafka/bin/../libs/netty-common-4.1.51.Final.jar:/home/trenner/Documents/srsLTE_MMPN/Node_Scripts/Kafka_Scripts/../../Kafka/bin/../libs/netty-handler-4.1.51.Final.jar:/home/trenner/Documents/srsLTE_MMPN/Node_Scripts/Kafka_Scripts/../../Kafka/bin/../libs/netty-resolver-4.1.51.Final.jar:/home/trenner/Documents/srsLTE_MMPN/Node_Scripts/Kafka_Scripts/../../Kafka/bin/../libs/netty-transport-4.1.51.Final.jar:/home/trenner/Documents/srsLTE_MMPN/Node_Scripts/Kafka_Scripts/../../Kafka/bin/../libs/netty-transport-native-epoll-4.1.51.Final.jar:/home/trenner/Documents/srsLTE_MMPN/Node_Scripts/Kafka_Scripts/../../Kafka/bin/../libs/netty-transport-native-unix-common-4.1.51.Final.jar:/home/trenner/Documents/srsLTE_MMPN/Node_Scripts/Kafka_Scripts/../../Kafka/bin/../libs/osgi-resource-locator-1.0.3.jar:/home/trenner/Documents/srsLTE_MMPN/Node_Scripts/Kafka_Scripts/../../Kafka/bin/../libs/paranamer-2.8.jar:/home/trenner/Documents/srsLTE_MMPN/Node_Scripts/Kafka_Scripts/../../Kafka/bin/../libs/plexus-utils-3.2.1.jar:/home/trenner/Documents/srsLTE_MMPN/Node_Scripts/Kafka_Scripts/../../Kafka/bin/../libs/reflections-0.9.12.jar:/home/trenner/Documents/srsLTE_MMPN/Node_Scripts/Kafka_Scripts/../../Kafka/bin/../libs/rocksdbjni-5.18.4.jar:/home/trenner/Documents/srsLTE_MMPN/Node_Scripts/Kafka_Scripts/../../Kafka/bin/../libs/scala-collection-compat_2.13-2.2.0.jar:/home/trenner/Documents/srsLTE_MMPN/Node_Scripts/Kafka_Scripts/../../Kafka/bin/../libs/scala-java8-compat_2.13-0.9.1.jar:/home/trenner/Documents/srsLTE_MMPN/Node_Scripts/Kafka_Scripts/../../Kafka/bin/../libs/scala-library-2.13.3.jar:/home/trenner/Documents/srsLTE_MMPN/Node_Scripts/Kafka_Scripts/../../Kafka/bin/../libs/scala-logging_2.13-3.9.2.jar:/home/trenner/Documents/srsLTE_MMPN/Node_Scripts/Kafka_Scripts/../../Kafka/bin/../libs/scala-reflect-2.13.3.jar:/home/trenner/Documents/srsLTE_MMPN/Node_Scripts/Kafka_Scripts/../../Kafka/bin/../libs/slf4j-api-1.7.30.jar:/home/trenner/Documents/srsLTE_MMPN/Node_Scripts/Kafka_Scripts/../../Kafka/bin/../libs/slf4j-log4j12-1.7.30.jar:/home/trenner/Documents/srsLTE_MMPN/Node_Scripts/Kafka_Scripts/../../Kafka/bin/../libs/snappy-java-1.1.7.7.jar:/home/trenner/Documents/srsLTE_MMPN/Node_Scripts/Kafka_Scripts/../../Kafka/bin/../libs/zookeeper-3.5.8.jar:/home/trenner/Documents/srsLTE_MMPN/Node_Scripts/Kafka_Scripts/../../Kafka/bin/../libs/zookeeper-jute-3.5.8.jar:/home/trenner/Documents/srsLTE_MMPN/Node_Scripts/Kafka_Scripts/../../Kafka/bin/../libs/zstd-jni-1.4.5-6.jar (org.apache.zookeeper.ZooKeeper)
[2021-04-10 01:42:22,792] INFO Client environment:java.library.path=/usr/java/packages/lib/amd64:/usr/lib64:/lib64:/lib:/usr/lib (org.apache.zookeeper.ZooKeeper)
[2021-04-10 01:42:22,792] INFO Client environment:java.io.tmpdir=/tmp (org.apache.zookeeper.ZooKeeper)
[2021-04-10 01:42:22,792] INFO Client environment:java.compiler=<NA> (org.apache.zookeeper.ZooKeeper)
[2021-04-10 01:42:22,792] INFO Client environment:os.name=Linux (org.apache.zookeeper.ZooKeeper)
[2021-04-10 01:42:22,792] INFO Client environment:os.arch=amd64 (org.apache.zookeeper.ZooKeeper)
[2021-04-10 01:42:22,792] INFO Client environment:os.version=3.10.0-1160.15.2.el7.x86_64 (org.apache.zookeeper.ZooKeeper)
[2021-04-10 01:42:22,792] INFO Client environment:user.name=root (org.apache.zookeeper.ZooKeeper)
[2021-04-10 01:42:22,792] INFO Client environment:user.home=/root (org.apache.zookeeper.ZooKeeper)
[2021-04-10 01:42:22,793] INFO Client environment:user.dir=/home/trenner/Documents/srsLTE_MMPN/Node_Scripts/Kafka_Scripts (org.apache.zookeeper.ZooKeeper)
[2021-04-10 01:42:22,793] INFO Client environment:os.memory.free=973MB (org.apache.zookeeper.ZooKeeper)
[2021-04-10 01:42:22,793] INFO Client environment:os.memory.max=1024MB (org.apache.zookeeper.ZooKeeper)
[2021-04-10 01:42:22,793] INFO Client environment:os.memory.total=1024MB (org.apache.zookeeper.ZooKeeper)
[2021-04-10 01:42:22,794] INFO Initiating client connection, connectString=localhost:2181 sessionTimeout=18000 watcher=kafka.zookeeper.ZooKeeperClient$ZooKeeperClientWatcher$@323b36e0 (org.apache.zookeeper.ZooKeeper)
[2021-04-10 01:42:22,833] INFO jute.maxbuffer value is 4194304 Bytes (org.apache.zookeeper.ClientCnxnSocket)
[2021-04-10 01:42:22,840] INFO zookeeper.request.timeout value is 0. feature enabled= (org.apache.zookeeper.ClientCnxn)
[2021-04-10 01:42:22,850] INFO Opening socket connection to server localhost/0:0:0:0:0:0:0:1:2181. Will not attempt to authenticate using SASL (unknown error) (org.apache.zookeeper.ClientCnxn)
[2021-04-10 01:42:22,856] INFO Socket connection established, initiating session, client: /0:0:0:0:0:0:0:1:42282, server: localhost/0:0:0:0:0:0:0:1:2181 (org.apache.zookeeper.ClientCnxn)
[2021-04-10 01:42:22,879] INFO [ZooKeeperClient Kafka server] Waiting until connected. (kafka.zookeeper.ZooKeeperClient)
[2021-04-10 01:42:22,906] INFO Session establishment complete on server localhost/0:0:0:0:0:0:0:1:2181, sessionid = 0x10001524f610000, negotiated timeout = 18000 (org.apache.zookeeper.ClientCnxn)
[2021-04-10 01:42:22,909] INFO [ZooKeeperClient Kafka server] Connected. (kafka.zookeeper.ZooKeeperClient)
[2021-04-10 01:42:23,129] INFO [feature-zk-node-event-process-thread]: Starting (kafka.server.FinalizedFeatureChangeListener$ChangeNotificationProcessorThread)
[2021-04-10 01:42:23,141] INFO Feature ZK node at path: /feature does not exist (kafka.server.FinalizedFeatureChangeListener)
[2021-04-10 01:42:23,142] INFO Cleared cache (kafka.server.FinalizedFeatureCache)
[2021-04-10 01:42:23,386] INFO Cluster ID = wJDldH-JQhKgS34fZx5MOg (kafka.server.KafkaServer)
[2021-04-10 01:42:23,389] WARN No meta.properties file under dir /tmp/kafka-logs/meta.properties (kafka.server.BrokerMetadataCheckpoint)
[2021-04-10 01:42:23,509] INFO KafkaConfig values: 
	advertised.host.name = null
	advertised.listeners = PLAINTEXT://:9092
	advertised.port = null
	alter.config.policy.class.name = null
	alter.log.dirs.replication.quota.window.num = 11
	alter.log.dirs.replication.quota.window.size.seconds = 1
	authorizer.class.name = 
	auto.create.topics.enable = true
	auto.leader.rebalance.enable = true
	background.threads = 10
	broker.id = 0
	broker.id.generation.enable = true
	broker.rack = null
	client.quota.callback.class = null
	compression.type = producer
	connection.failed.authentication.delay.ms = 100
	connections.max.idle.ms = 600000
	connections.max.reauth.ms = 0
	control.plane.listener.name = null
	controlled.shutdown.enable = true
	controlled.shutdown.max.retries = 3
	controlled.shutdown.retry.backoff.ms = 5000
	controller.quota.window.num = 11
	controller.quota.window.size.seconds = 1
	controller.socket.timeout.ms = 30000
	create.topic.policy.class.name = null
	default.replication.factor = 1
	delegation.token.expiry.check.interval.ms = 3600000
	delegation.token.expiry.time.ms = 86400000
	delegation.token.master.key = null
	delegation.token.max.lifetime.ms = 604800000
	delete.records.purgatory.purge.interval.requests = 1
	delete.topic.enable = true
	fetch.max.bytes = 57671680
	fetch.purgatory.purge.interval.requests = 1000
	group.initial.rebalance.delay.ms = 0
	group.max.session.timeout.ms = 1800000
	group.max.size = 2147483647
	group.min.session.timeout.ms = 6000
	host.name = 
	inter.broker.listener.name = null
	inter.broker.protocol.version = 2.7-IV2
	kafka.metrics.polling.interval.secs = 10
	kafka.metrics.reporters = []
	leader.imbalance.check.interval.seconds = 300
	leader.imbalance.per.broker.percentage = 10
	listener.security.protocol.map = PLAINTEXT:PLAINTEXT,SSL:SSL,SASL_PLAINTEXT:SASL_PLAINTEXT,SASL_SSL:SASL_SSL
	listeners = null
	log.cleaner.backoff.ms = 15000
	log.cleaner.dedupe.buffer.size = 134217728
	log.cleaner.delete.retention.ms = 86400000
	log.cleaner.enable = true
	log.cleaner.io.buffer.load.factor = 0.9
	log.cleaner.io.buffer.size = 524288
	log.cleaner.io.max.bytes.per.second = 1.7976931348623157E308
	log.cleaner.max.compaction.lag.ms = 9223372036854775807
	log.cleaner.min.cleanable.ratio = 0.5
	log.cleaner.min.compaction.lag.ms = 0
	log.cleaner.threads = 1
	log.cleanup.policy = [delete]
	log.dir = /tmp/kafka-logs
	log.dirs = /tmp/kafka-logs
	log.flush.interval.messages = 9223372036854775807
	log.flush.interval.ms = null
	log.flush.offset.checkpoint.interval.ms = 60000
	log.flush.scheduler.interval.ms = 9223372036854775807
	log.flush.start.offset.checkpoint.interval.ms = 60000
	log.index.interval.bytes = 4096
	log.index.size.max.bytes = 10485760
	log.message.downconversion.enable = true
	log.message.format.version = 2.7-IV2
	log.message.timestamp.difference.max.ms = 9223372036854775807
	log.message.timestamp.type = CreateTime
	log.preallocate = false
	log.retention.bytes = -1
	log.retention.check.interval.ms = 60000
	log.retention.hours = 168
	log.retention.minutes = 15
	log.retention.ms = null
	log.roll.hours = 168
	log.roll.jitter.hours = 0
	log.roll.jitter.ms = null
	log.roll.ms = null
	log.segment.bytes = 1073741824
	log.segment.delete.delay.ms = 60000
	max.connection.creation.rate = 2147483647
	max.connections = 2147483647
	max.connections.per.ip = 2147483647
	max.connections.per.ip.overrides = 
	max.incremental.fetch.session.cache.slots = 1000
	message.max.bytes = 1048588
	metric.reporters = []
	metrics.num.samples = 2
	metrics.recording.level = INFO
	metrics.sample.window.ms = 30000
	min.insync.replicas = 1
	num.io.threads = 8
	num.network.threads = 3
	num.partitions = 1
	num.recovery.threads.per.data.dir = 1
	num.replica.alter.log.dirs.threads = null
	num.replica.fetchers = 1
	offset.metadata.max.bytes = 4096
	offsets.commit.required.acks = -1
	offsets.commit.timeout.ms = 5000
	offsets.load.buffer.size = 5242880
	offsets.retention.check.interval.ms = 600000
	offsets.retention.minutes = 10080
	offsets.topic.compression.codec = 0
	offsets.topic.num.partitions = 50
	offsets.topic.replication.factor = 1
	offsets.topic.segment.bytes = 104857600
	password.encoder.cipher.algorithm = AES/CBC/PKCS5Padding
	password.encoder.iterations = 4096
	password.encoder.key.length = 128
	password.encoder.keyfactory.algorithm = null
	password.encoder.old.secret = null
	password.encoder.secret = null
	port = 9092
	principal.builder.class = null
	producer.purgatory.purge.interval.requests = 1000
	queued.max.request.bytes = -1
	queued.max.requests = 500
	quota.consumer.default = 9223372036854775807
	quota.producer.default = 9223372036854775807
	quota.window.num = 11
	quota.window.size.seconds = 1
	replica.fetch.backoff.ms = 1000
	replica.fetch.max.bytes = 1048576
	replica.fetch.min.bytes = 1
	replica.fetch.response.max.bytes = 10485760
	replica.fetch.wait.max.ms = 500
	replica.high.watermark.checkpoint.interval.ms = 5000
	replica.lag.time.max.ms = 30000
	replica.selector.class = null
	replica.socket.receive.buffer.bytes = 65536
	replica.socket.timeout.ms = 30000
	replication.quota.window.num = 11
	replication.quota.window.size.seconds = 1
	request.timeout.ms = 30000
	reserved.broker.max.id = 1000
	sasl.client.callback.handler.class = null
	sasl.enabled.mechanisms = [GSSAPI]
	sasl.jaas.config = null
	sasl.kerberos.kinit.cmd = /usr/bin/kinit
	sasl.kerberos.min.time.before.relogin = 60000
	sasl.kerberos.principal.to.local.rules = [DEFAULT]
	sasl.kerberos.service.name = null
	sasl.kerberos.ticket.renew.jitter = 0.05
	sasl.kerberos.ticket.renew.window.factor = 0.8
	sasl.login.callback.handler.class = null
	sasl.login.class = null
	sasl.login.refresh.buffer.seconds = 300
	sasl.login.refresh.min.period.seconds = 60
	sasl.login.refresh.window.factor = 0.8
	sasl.login.refresh.window.jitter = 0.05
	sasl.mechanism.inter.broker.protocol = GSSAPI
	sasl.server.callback.handler.class = null
	security.inter.broker.protocol = PLAINTEXT
	security.providers = null
	socket.connection.setup.timeout.max.ms = 127000
	socket.connection.setup.timeout.ms = 10000
	socket.receive.buffer.bytes = 102400
	socket.request.max.bytes = 104857600
	socket.send.buffer.bytes = 102400
	ssl.cipher.suites = []
	ssl.client.auth = none
	ssl.enabled.protocols = [TLSv1.2]
	ssl.endpoint.identification.algorithm = https
	ssl.engine.factory.class = null
	ssl.key.password = null
	ssl.keymanager.algorithm = SunX509
	ssl.keystore.certificate.chain = null
	ssl.keystore.key = null
	ssl.keystore.location = null
	ssl.keystore.password = null
	ssl.keystore.type = JKS
	ssl.principal.mapping.rules = DEFAULT
	ssl.protocol = TLSv1.2
	ssl.provider = null
	ssl.secure.random.implementation = null
	ssl.trustmanager.algorithm = PKIX
	ssl.truststore.certificates = null
	ssl.truststore.location = null
	ssl.truststore.password = null
	ssl.truststore.type = JKS
	transaction.abort.timed.out.transaction.cleanup.interval.ms = 10000
	transaction.max.timeout.ms = 900000
	transaction.remove.expired.transaction.cleanup.interval.ms = 3600000
	transaction.state.log.load.buffer.size = 5242880
	transaction.state.log.min.isr = 1
	transaction.state.log.num.partitions = 50
	transaction.state.log.replication.factor = 1
	transaction.state.log.segment.bytes = 104857600
	transactional.id.expiration.ms = 604800000
	unclean.leader.election.enable = false
	zookeeper.clientCnxnSocket = null
	zookeeper.connect = localhost:2181
	zookeeper.connection.timeout.ms = 18000
	zookeeper.max.in.flight.requests = 10
	zookeeper.session.timeout.ms = 18000
	zookeeper.set.acl = false
	zookeeper.ssl.cipher.suites = null
	zookeeper.ssl.client.enable = false
	zookeeper.ssl.crl.enable = false
	zookeeper.ssl.enabled.protocols = null
	zookeeper.ssl.endpoint.identification.algorithm = HTTPS
	zookeeper.ssl.keystore.location = null
	zookeeper.ssl.keystore.password = null
	zookeeper.ssl.keystore.type = null
	zookeeper.ssl.ocsp.enable = false
	zookeeper.ssl.protocol = TLSv1.2
	zookeeper.ssl.truststore.location = null
	zookeeper.ssl.truststore.password = null
	zookeeper.ssl.truststore.type = null
	zookeeper.sync.time.ms = 2000
 (kafka.server.KafkaConfig)
[2021-04-10 01:42:23,524] INFO KafkaConfig values: 
	advertised.host.name = null
	advertised.listeners = PLAINTEXT://:9092
	advertised.port = null
	alter.config.policy.class.name = null
	alter.log.dirs.replication.quota.window.num = 11
	alter.log.dirs.replication.quota.window.size.seconds = 1
	authorizer.class.name = 
	auto.create.topics.enable = true
	auto.leader.rebalance.enable = true
	background.threads = 10
	broker.id = 0
	broker.id.generation.enable = true
	broker.rack = null
	client.quota.callback.class = null
	compression.type = producer
	connection.failed.authentication.delay.ms = 100
	connections.max.idle.ms = 600000
	connections.max.reauth.ms = 0
	control.plane.listener.name = null
	controlled.shutdown.enable = true
	controlled.shutdown.max.retries = 3
	controlled.shutdown.retry.backoff.ms = 5000
	controller.quota.window.num = 11
	controller.quota.window.size.seconds = 1
	controller.socket.timeout.ms = 30000
	create.topic.policy.class.name = null
	default.replication.factor = 1
	delegation.token.expiry.check.interval.ms = 3600000
	delegation.token.expiry.time.ms = 86400000
	delegation.token.master.key = null
	delegation.token.max.lifetime.ms = 604800000
	delete.records.purgatory.purge.interval.requests = 1
	delete.topic.enable = true
	fetch.max.bytes = 57671680
	fetch.purgatory.purge.interval.requests = 1000
	group.initial.rebalance.delay.ms = 0
	group.max.session.timeout.ms = 1800000
	group.max.size = 2147483647
	group.min.session.timeout.ms = 6000
	host.name = 
	inter.broker.listener.name = null
	inter.broker.protocol.version = 2.7-IV2
	kafka.metrics.polling.interval.secs = 10
	kafka.metrics.reporters = []
	leader.imbalance.check.interval.seconds = 300
	leader.imbalance.per.broker.percentage = 10
	listener.security.protocol.map = PLAINTEXT:PLAINTEXT,SSL:SSL,SASL_PLAINTEXT:SASL_PLAINTEXT,SASL_SSL:SASL_SSL
	listeners = null
	log.cleaner.backoff.ms = 15000
	log.cleaner.dedupe.buffer.size = 134217728
	log.cleaner.delete.retention.ms = 86400000
	log.cleaner.enable = true
	log.cleaner.io.buffer.load.factor = 0.9
	log.cleaner.io.buffer.size = 524288
	log.cleaner.io.max.bytes.per.second = 1.7976931348623157E308
	log.cleaner.max.compaction.lag.ms = 9223372036854775807
	log.cleaner.min.cleanable.ratio = 0.5
	log.cleaner.min.compaction.lag.ms = 0
	log.cleaner.threads = 1
	log.cleanup.policy = [delete]
	log.dir = /tmp/kafka-logs
	log.dirs = /tmp/kafka-logs
	log.flush.interval.messages = 9223372036854775807
	log.flush.interval.ms = null
	log.flush.offset.checkpoint.interval.ms = 60000
	log.flush.scheduler.interval.ms = 9223372036854775807
	log.flush.start.offset.checkpoint.interval.ms = 60000
	log.index.interval.bytes = 4096
	log.index.size.max.bytes = 10485760
	log.message.downconversion.enable = true
	log.message.format.version = 2.7-IV2
	log.message.timestamp.difference.max.ms = 9223372036854775807
	log.message.timestamp.type = CreateTime
	log.preallocate = false
	log.retention.bytes = -1
	log.retention.check.interval.ms = 60000
	log.retention.hours = 168
	log.retention.minutes = 15
	log.retention.ms = null
	log.roll.hours = 168
	log.roll.jitter.hours = 0
	log.roll.jitter.ms = null
	log.roll.ms = null
	log.segment.bytes = 1073741824
	log.segment.delete.delay.ms = 60000
	max.connection.creation.rate = 2147483647
	max.connections = 2147483647
	max.connections.per.ip = 2147483647
	max.connections.per.ip.overrides = 
	max.incremental.fetch.session.cache.slots = 1000
	message.max.bytes = 1048588
	metric.reporters = []
	metrics.num.samples = 2
	metrics.recording.level = INFO
	metrics.sample.window.ms = 30000
	min.insync.replicas = 1
	num.io.threads = 8
	num.network.threads = 3
	num.partitions = 1
	num.recovery.threads.per.data.dir = 1
	num.replica.alter.log.dirs.threads = null
	num.replica.fetchers = 1
	offset.metadata.max.bytes = 4096
	offsets.commit.required.acks = -1
	offsets.commit.timeout.ms = 5000
	offsets.load.buffer.size = 5242880
	offsets.retention.check.interval.ms = 600000
	offsets.retention.minutes = 10080
	offsets.topic.compression.codec = 0
	offsets.topic.num.partitions = 50
	offsets.topic.replication.factor = 1
	offsets.topic.segment.bytes = 104857600
	password.encoder.cipher.algorithm = AES/CBC/PKCS5Padding
	password.encoder.iterations = 4096
	password.encoder.key.length = 128
	password.encoder.keyfactory.algorithm = null
	password.encoder.old.secret = null
	password.encoder.secret = null
	port = 9092
	principal.builder.class = null
	producer.purgatory.purge.interval.requests = 1000
	queued.max.request.bytes = -1
	queued.max.requests = 500
	quota.consumer.default = 9223372036854775807
	quota.producer.default = 9223372036854775807
	quota.window.num = 11
	quota.window.size.seconds = 1
	replica.fetch.backoff.ms = 1000
	replica.fetch.max.bytes = 1048576
	replica.fetch.min.bytes = 1
	replica.fetch.response.max.bytes = 10485760
	replica.fetch.wait.max.ms = 500
	replica.high.watermark.checkpoint.interval.ms = 5000
	replica.lag.time.max.ms = 30000
	replica.selector.class = null
	replica.socket.receive.buffer.bytes = 65536
	replica.socket.timeout.ms = 30000
	replication.quota.window.num = 11
	replication.quota.window.size.seconds = 1
	request.timeout.ms = 30000
	reserved.broker.max.id = 1000
	sasl.client.callback.handler.class = null
	sasl.enabled.mechanisms = [GSSAPI]
	sasl.jaas.config = null
	sasl.kerberos.kinit.cmd = /usr/bin/kinit
	sasl.kerberos.min.time.before.relogin = 60000
	sasl.kerberos.principal.to.local.rules = [DEFAULT]
	sasl.kerberos.service.name = null
	sasl.kerberos.ticket.renew.jitter = 0.05
	sasl.kerberos.ticket.renew.window.factor = 0.8
	sasl.login.callback.handler.class = null
	sasl.login.class = null
	sasl.login.refresh.buffer.seconds = 300
	sasl.login.refresh.min.period.seconds = 60
	sasl.login.refresh.window.factor = 0.8
	sasl.login.refresh.window.jitter = 0.05
	sasl.mechanism.inter.broker.protocol = GSSAPI
	sasl.server.callback.handler.class = null
	security.inter.broker.protocol = PLAINTEXT
	security.providers = null
	socket.connection.setup.timeout.max.ms = 127000
	socket.connection.setup.timeout.ms = 10000
	socket.receive.buffer.bytes = 102400
	socket.request.max.bytes = 104857600
	socket.send.buffer.bytes = 102400
	ssl.cipher.suites = []
	ssl.client.auth = none
	ssl.enabled.protocols = [TLSv1.2]
	ssl.endpoint.identification.algorithm = https
	ssl.engine.factory.class = null
	ssl.key.password = null
	ssl.keymanager.algorithm = SunX509
	ssl.keystore.certificate.chain = null
	ssl.keystore.key = null
	ssl.keystore.location = null
	ssl.keystore.password = null
	ssl.keystore.type = JKS
	ssl.principal.mapping.rules = DEFAULT
	ssl.protocol = TLSv1.2
	ssl.provider = null
	ssl.secure.random.implementation = null
	ssl.trustmanager.algorithm = PKIX
	ssl.truststore.certificates = null
	ssl.truststore.location = null
	ssl.truststore.password = null
	ssl.truststore.type = JKS
	transaction.abort.timed.out.transaction.cleanup.interval.ms = 10000
	transaction.max.timeout.ms = 900000
	transaction.remove.expired.transaction.cleanup.interval.ms = 3600000
	transaction.state.log.load.buffer.size = 5242880
	transaction.state.log.min.isr = 1
	transaction.state.log.num.partitions = 50
	transaction.state.log.replication.factor = 1
	transaction.state.log.segment.bytes = 104857600
	transactional.id.expiration.ms = 604800000
	unclean.leader.election.enable = false
	zookeeper.clientCnxnSocket = null
	zookeeper.connect = localhost:2181
	zookeeper.connection.timeout.ms = 18000
	zookeeper.max.in.flight.requests = 10
	zookeeper.session.timeout.ms = 18000
	zookeeper.set.acl = false
	zookeeper.ssl.cipher.suites = null
	zookeeper.ssl.client.enable = false
	zookeeper.ssl.crl.enable = false
	zookeeper.ssl.enabled.protocols = null
	zookeeper.ssl.endpoint.identification.algorithm = HTTPS
	zookeeper.ssl.keystore.location = null
	zookeeper.ssl.keystore.password = null
	zookeeper.ssl.keystore.type = null
	zookeeper.ssl.ocsp.enable = false
	zookeeper.ssl.protocol = TLSv1.2
	zookeeper.ssl.truststore.location = null
	zookeeper.ssl.truststore.password = null
	zookeeper.ssl.truststore.type = null
	zookeeper.sync.time.ms = 2000
 (kafka.server.KafkaConfig)
[2021-04-10 01:42:23,577] INFO [ThrottledChannelReaper-Fetch]: Starting (kafka.server.ClientQuotaManager$ThrottledChannelReaper)
[2021-04-10 01:42:23,578] INFO [ThrottledChannelReaper-Produce]: Starting (kafka.server.ClientQuotaManager$ThrottledChannelReaper)
[2021-04-10 01:42:23,579] INFO [ThrottledChannelReaper-Request]: Starting (kafka.server.ClientQuotaManager$ThrottledChannelReaper)
[2021-04-10 01:42:23,593] INFO [ThrottledChannelReaper-ControllerMutation]: Starting (kafka.server.ClientQuotaManager$ThrottledChannelReaper)
[2021-04-10 01:42:23,607] INFO Log directory /tmp/kafka-logs not found, creating it. (kafka.log.LogManager)
[2021-04-10 01:42:23,624] INFO Loading logs from log dirs ArraySeq(/tmp/kafka-logs) (kafka.log.LogManager)
[2021-04-10 01:42:23,626] INFO Attempting recovery for all logs in /tmp/kafka-logs since no clean shutdown file was found (kafka.log.LogManager)
[2021-04-10 01:42:23,630] INFO Loaded 0 logs in 6ms. (kafka.log.LogManager)
[2021-04-10 01:42:23,652] INFO Starting log cleanup with a period of 60000 ms. (kafka.log.LogManager)
[2021-04-10 01:42:23,675] INFO Starting log flusher with a default period of 9223372036854775807 ms. (kafka.log.LogManager)
[2021-04-10 01:42:24,633] INFO Created ConnectionAcceptRate sensor, quotaLimit=2147483647 (kafka.network.ConnectionQuotas)
[2021-04-10 01:42:24,635] INFO Created ConnectionAcceptRate-PLAINTEXT sensor, quotaLimit=2147483647 (kafka.network.ConnectionQuotas)
[2021-04-10 01:42:24,637] INFO Updated PLAINTEXT max connection creation rate to 2147483647 (kafka.network.ConnectionQuotas)
[2021-04-10 01:42:24,672] INFO Awaiting socket connections on 0.0.0.0:9092. (kafka.network.Acceptor)
[2021-04-10 01:42:24,730] INFO [SocketServer brokerId=0] Created data-plane acceptor and processors for endpoint : ListenerName(PLAINTEXT) (kafka.network.SocketServer)
[2021-04-10 01:42:24,798] INFO [ExpirationReaper-0-Produce]: Starting (kafka.server.DelayedOperationPurgatory$ExpiredOperationReaper)
[2021-04-10 01:42:24,800] INFO [ExpirationReaper-0-Fetch]: Starting (kafka.server.DelayedOperationPurgatory$ExpiredOperationReaper)
[2021-04-10 01:42:24,800] INFO [ExpirationReaper-0-DeleteRecords]: Starting (kafka.server.DelayedOperationPurgatory$ExpiredOperationReaper)
[2021-04-10 01:42:24,816] INFO [ExpirationReaper-0-ElectLeader]: Starting (kafka.server.DelayedOperationPurgatory$ExpiredOperationReaper)
[2021-04-10 01:42:24,826] INFO [LogDirFailureHandler]: Starting (kafka.server.ReplicaManager$LogDirFailureHandler)
[2021-04-10 01:42:24,850] INFO [broker-0-to-controller-send-thread]: Starting (kafka.server.BrokerToControllerRequestThread)
[2021-04-10 01:42:24,868] INFO Creating /brokers/ids/0 (is it secure? false) (kafka.zk.KafkaZkClient)
[2021-04-10 01:42:24,910] INFO Stat of the created znode at /brokers/ids/0 is: 24,24,1618033344893,1618033344893,1,0,0,72059047068631040,202,0,24
 (kafka.zk.KafkaZkClient)
[2021-04-10 01:42:24,911] INFO Registered broker 0 at path /brokers/ids/0 with addresses: PLAINTEXT://localhost:9092, czxid (broker epoch): 24 (kafka.zk.KafkaZkClient)
[2021-04-10 01:42:25,084] INFO [ExpirationReaper-0-topic]: Starting (kafka.server.DelayedOperationPurgatory$ExpiredOperationReaper)
[2021-04-10 01:42:25,097] INFO [ExpirationReaper-0-Heartbeat]: Starting (kafka.server.DelayedOperationPurgatory$ExpiredOperationReaper)
[2021-04-10 01:42:25,117] INFO [ExpirationReaper-0-Rebalance]: Starting (kafka.server.DelayedOperationPurgatory$ExpiredOperationReaper)
[2021-04-10 01:42:25,118] INFO Successfully created /controller_epoch with initial epoch 0 (kafka.zk.KafkaZkClient)
[2021-04-10 01:42:25,149] INFO Feature ZK node created at path: /feature (kafka.server.FinalizedFeatureChangeListener)
[2021-04-10 01:42:25,183] INFO [GroupCoordinator 0]: Starting up. (kafka.coordinator.group.GroupCoordinator)
[2021-04-10 01:42:25,210] INFO [GroupCoordinator 0]: Startup complete. (kafka.coordinator.group.GroupCoordinator)
[2021-04-10 01:42:25,265] INFO [ProducerId Manager 0]: Acquired new producerId block (brokerId:0,blockStartProducerId:0,blockEndProducerId:999) by writing to Zk with path version 1 (kafka.coordinator.transaction.ProducerIdManager)
[2021-04-10 01:42:25,277] INFO Updated cache from existing <empty> to latest FinalizedFeaturesAndEpoch(features=Features{}, epoch=0). (kafka.server.FinalizedFeatureCache)
[2021-04-10 01:42:25,329] INFO [TransactionCoordinator id=0] Starting up. (kafka.coordinator.transaction.TransactionCoordinator)
[2021-04-10 01:42:25,375] INFO [TransactionCoordinator id=0] Startup complete. (kafka.coordinator.transaction.TransactionCoordinator)
[2021-04-10 01:42:25,419] INFO [Transaction Marker Channel Manager 0]: Starting (kafka.coordinator.transaction.TransactionMarkerChannelManager)
[2021-04-10 01:42:25,489] INFO [ExpirationReaper-0-AlterAcls]: Starting (kafka.server.DelayedOperationPurgatory$ExpiredOperationReaper)
[2021-04-10 01:42:25,602] INFO [/config/changes-event-process-thread]: Starting (kafka.common.ZkNodeChangeNotificationListener$ChangeEventProcessThread)
[2021-04-10 01:42:25,604] INFO [SocketServer brokerId=0] Starting socket server acceptors and processors (kafka.network.SocketServer)
[2021-04-10 01:42:25,691] INFO [SocketServer brokerId=0] Started data-plane acceptor and processor(s) for endpoint : ListenerName(PLAINTEXT) (kafka.network.SocketServer)
[2021-04-10 01:42:25,691] INFO [SocketServer brokerId=0] Started socket server acceptors and processors (kafka.network.SocketServer)
[2021-04-10 01:42:25,694] INFO Kafka version: 2.7.0 (org.apache.kafka.common.utils.AppInfoParser)
[2021-04-10 01:42:25,694] INFO Kafka commitId: 448719dc99a19793 (org.apache.kafka.common.utils.AppInfoParser)
[2021-04-10 01:42:25,694] INFO Kafka startTimeMs: 1618033345691 (org.apache.kafka.common.utils.AppInfoParser)
[2021-04-10 01:42:25,695] INFO [KafkaServer id=0] started (kafka.server.KafkaServer)
[2021-04-10 01:42:25,818] INFO [broker-0-to-controller-send-thread]: Recorded new controller, from now on will use broker 0 (kafka.server.BrokerToControllerRequestThread)
[2021-04-10 01:55:35,030] INFO Terminating process due to signal SIGTERM (org.apache.kafka.common.utils.LoggingSignalHandler)
[2021-04-10 01:55:35,032] INFO [KafkaServer id=0] shutting down (kafka.server.KafkaServer)
[2021-04-10 01:55:35,033] INFO [KafkaServer id=0] Starting controlled shutdown (kafka.server.KafkaServer)
[2021-04-10 01:55:35,114] INFO [KafkaServer id=0] Controlled shutdown succeeded (kafka.server.KafkaServer)
[2021-04-10 01:55:35,119] INFO [/config/changes-event-process-thread]: Shutting down (kafka.common.ZkNodeChangeNotificationListener$ChangeEventProcessThread)
[2021-04-10 01:55:35,119] INFO [/config/changes-event-process-thread]: Stopped (kafka.common.ZkNodeChangeNotificationListener$ChangeEventProcessThread)
[2021-04-10 01:55:35,123] INFO [/config/changes-event-process-thread]: Shutdown completed (kafka.common.ZkNodeChangeNotificationListener$ChangeEventProcessThread)
[2021-04-10 01:55:35,123] INFO [SocketServer brokerId=0] Stopping socket server request processors (kafka.network.SocketServer)
[2021-04-10 01:55:35,130] INFO [SocketServer brokerId=0] Stopped socket server request processors (kafka.network.SocketServer)
[2021-04-10 01:55:35,130] INFO [data-plane Kafka Request Handler on Broker 0], shutting down (kafka.server.KafkaRequestHandlerPool)
[2021-04-10 01:55:35,132] INFO [data-plane Kafka Request Handler on Broker 0], shut down completely (kafka.server.KafkaRequestHandlerPool)
[2021-04-10 01:55:35,142] INFO [ExpirationReaper-0-AlterAcls]: Shutting down (kafka.server.DelayedOperationPurgatory$ExpiredOperationReaper)
[2021-04-10 01:55:35,207] INFO [ExpirationReaper-0-AlterAcls]: Stopped (kafka.server.DelayedOperationPurgatory$ExpiredOperationReaper)
[2021-04-10 01:55:35,207] INFO [ExpirationReaper-0-AlterAcls]: Shutdown completed (kafka.server.DelayedOperationPurgatory$ExpiredOperationReaper)
[2021-04-10 01:55:35,208] INFO [KafkaApi-0] Shutdown complete. (kafka.server.KafkaApis)
[2021-04-10 01:55:35,208] INFO [ExpirationReaper-0-topic]: Shutting down (kafka.server.DelayedOperationPurgatory$ExpiredOperationReaper)
[2021-04-10 01:55:35,408] INFO [ExpirationReaper-0-topic]: Stopped (kafka.server.DelayedOperationPurgatory$ExpiredOperationReaper)
[2021-04-10 01:55:35,408] INFO [ExpirationReaper-0-topic]: Shutdown completed (kafka.server.DelayedOperationPurgatory$ExpiredOperationReaper)
[2021-04-10 01:55:35,410] INFO [TransactionCoordinator id=0] Shutting down. (kafka.coordinator.transaction.TransactionCoordinator)
[2021-04-10 01:55:35,413] INFO [ProducerId Manager 0]: Shutdown complete: last producerId assigned 0 (kafka.coordinator.transaction.ProducerIdManager)
[2021-04-10 01:55:35,414] INFO [Transaction State Manager 0]: Shutdown complete (kafka.coordinator.transaction.TransactionStateManager)
[2021-04-10 01:55:35,414] INFO [Transaction Marker Channel Manager 0]: Shutting down (kafka.coordinator.transaction.TransactionMarkerChannelManager)
[2021-04-10 01:55:35,414] INFO [Transaction Marker Channel Manager 0]: Stopped (kafka.coordinator.transaction.TransactionMarkerChannelManager)
[2021-04-10 01:55:35,414] INFO [Transaction Marker Channel Manager 0]: Shutdown completed (kafka.coordinator.transaction.TransactionMarkerChannelManager)
[2021-04-10 01:55:35,415] INFO [TransactionCoordinator id=0] Shutdown complete. (kafka.coordinator.transaction.TransactionCoordinator)
[2021-04-10 01:55:35,415] INFO [GroupCoordinator 0]: Shutting down. (kafka.coordinator.group.GroupCoordinator)
[2021-04-10 01:55:35,422] INFO [ExpirationReaper-0-Heartbeat]: Shutting down (kafka.server.DelayedOperationPurgatory$ExpiredOperationReaper)
[2021-04-10 01:55:35,616] INFO [ExpirationReaper-0-Heartbeat]: Stopped (kafka.server.DelayedOperationPurgatory$ExpiredOperationReaper)
[2021-04-10 01:55:35,618] INFO [ExpirationReaper-0-Heartbeat]: Shutdown completed (kafka.server.DelayedOperationPurgatory$ExpiredOperationReaper)
[2021-04-10 01:55:35,618] INFO [ExpirationReaper-0-Rebalance]: Shutting down (kafka.server.DelayedOperationPurgatory$ExpiredOperationReaper)
[2021-04-10 01:55:35,817] INFO [ExpirationReaper-0-Rebalance]: Stopped (kafka.server.DelayedOperationPurgatory$ExpiredOperationReaper)
[2021-04-10 01:55:35,817] INFO [ExpirationReaper-0-Rebalance]: Shutdown completed (kafka.server.DelayedOperationPurgatory$ExpiredOperationReaper)
[2021-04-10 01:55:35,818] INFO [GroupCoordinator 0]: Shutdown complete. (kafka.coordinator.group.GroupCoordinator)
[2021-04-10 01:55:35,818] INFO [ReplicaManager broker=0] Shutting down (kafka.server.ReplicaManager)
[2021-04-10 01:55:35,818] INFO [LogDirFailureHandler]: Shutting down (kafka.server.ReplicaManager$LogDirFailureHandler)
[2021-04-10 01:55:35,818] INFO [LogDirFailureHandler]: Stopped (kafka.server.ReplicaManager$LogDirFailureHandler)
[2021-04-10 01:55:35,819] INFO [LogDirFailureHandler]: Shutdown completed (kafka.server.ReplicaManager$LogDirFailureHandler)
[2021-04-10 01:55:35,819] INFO [ReplicaFetcherManager on broker 0] shutting down (kafka.server.ReplicaFetcherManager)
[2021-04-10 01:55:35,820] INFO [ReplicaFetcherManager on broker 0] shutdown completed (kafka.server.ReplicaFetcherManager)
[2021-04-10 01:55:35,821] INFO [ReplicaAlterLogDirsManager on broker 0] shutting down (kafka.server.ReplicaAlterLogDirsManager)
[2021-04-10 01:55:35,821] INFO [ReplicaAlterLogDirsManager on broker 0] shutdown completed (kafka.server.ReplicaAlterLogDirsManager)
[2021-04-10 01:55:35,821] INFO [ExpirationReaper-0-Fetch]: Shutting down (kafka.server.DelayedOperationPurgatory$ExpiredOperationReaper)
[2021-04-10 01:55:35,979] INFO Unable to read additional data from server sessionid 0x10001524f610000, likely server has closed socket, closing socket connection and attempting reconnect (org.apache.zookeeper.ClientCnxn)
[2021-04-10 01:55:36,017] INFO [ExpirationReaper-0-Fetch]: Stopped (kafka.server.DelayedOperationPurgatory$ExpiredOperationReaper)
[2021-04-10 01:55:36,017] INFO [ExpirationReaper-0-Fetch]: Shutdown completed (kafka.server.DelayedOperationPurgatory$ExpiredOperationReaper)
[2021-04-10 01:55:36,017] INFO [ExpirationReaper-0-Produce]: Shutting down (kafka.server.DelayedOperationPurgatory$ExpiredOperationReaper)
[2021-04-10 01:55:36,022] INFO [ExpirationReaper-0-Produce]: Stopped (kafka.server.DelayedOperationPurgatory$ExpiredOperationReaper)
[2021-04-10 01:55:36,022] INFO [ExpirationReaper-0-Produce]: Shutdown completed (kafka.server.DelayedOperationPurgatory$ExpiredOperationReaper)
[2021-04-10 01:55:36,022] INFO [ExpirationReaper-0-DeleteRecords]: Shutting down (kafka.server.DelayedOperationPurgatory$ExpiredOperationReaper)
[2021-04-10 01:55:36,223] INFO [ExpirationReaper-0-DeleteRecords]: Stopped (kafka.server.DelayedOperationPurgatory$ExpiredOperationReaper)
[2021-04-10 01:55:36,223] INFO [ExpirationReaper-0-DeleteRecords]: Shutdown completed (kafka.server.DelayedOperationPurgatory$ExpiredOperationReaper)
[2021-04-10 01:55:36,224] INFO [ExpirationReaper-0-ElectLeader]: Shutting down (kafka.server.DelayedOperationPurgatory$ExpiredOperationReaper)
[2021-04-10 01:55:36,424] INFO [ExpirationReaper-0-ElectLeader]: Stopped (kafka.server.DelayedOperationPurgatory$ExpiredOperationReaper)
[2021-04-10 01:55:36,424] INFO [ExpirationReaper-0-ElectLeader]: Shutdown completed (kafka.server.DelayedOperationPurgatory$ExpiredOperationReaper)
[2021-04-10 01:55:36,429] INFO [ReplicaManager broker=0] Shut down completely (kafka.server.ReplicaManager)
[2021-04-10 01:55:36,429] INFO [broker-0-to-controller-send-thread]: Shutting down (kafka.server.BrokerToControllerRequestThread)
[2021-04-10 01:55:36,450] INFO [broker-0-to-controller-send-thread]: Stopped (kafka.server.BrokerToControllerRequestThread)
[2021-04-10 01:55:36,451] INFO [broker-0-to-controller-send-thread]: Shutdown completed (kafka.server.BrokerToControllerRequestThread)
[2021-04-10 01:55:36,451] INFO [broker-0-to-controller-send-thread]: Shutdown completed (kafka.server.BrokerToControllerRequestThread)
[2021-04-10 01:55:36,451] INFO Shutting down. (kafka.log.LogManager)
[2021-04-10 01:55:36,520] INFO Shutdown complete. (kafka.log.LogManager)
[2021-04-10 01:55:36,526] INFO [feature-zk-node-event-process-thread]: Shutting down (kafka.server.FinalizedFeatureChangeListener$ChangeNotificationProcessorThread)
[2021-04-10 01:55:36,526] INFO [feature-zk-node-event-process-thread]: Stopped (kafka.server.FinalizedFeatureChangeListener$ChangeNotificationProcessorThread)
[2021-04-10 01:55:36,532] INFO [feature-zk-node-event-process-thread]: Shutdown completed (kafka.server.FinalizedFeatureChangeListener$ChangeNotificationProcessorThread)
[2021-04-10 01:55:36,533] INFO [ZooKeeperClient Kafka server] Closing. (kafka.zookeeper.ZooKeeperClient)
[2021-04-10 01:55:37,578] INFO Opening socket connection to server localhost/127.0.0.1:2181. Will not attempt to authenticate using SASL (unknown error) (org.apache.zookeeper.ClientCnxn)
[2021-04-10 01:55:37,682] INFO Session: 0x10001524f610000 closed (org.apache.zookeeper.ZooKeeper)
[2021-04-10 01:55:37,683] INFO [ZooKeeperClient Kafka server] Closed. (kafka.zookeeper.ZooKeeperClient)
[2021-04-10 01:55:37,683] INFO [ThrottledChannelReaper-Fetch]: Shutting down (kafka.server.ClientQuotaManager$ThrottledChannelReaper)
[2021-04-10 01:55:37,684] INFO EventThread shut down for session: 0x10001524f610000 (org.apache.zookeeper.ClientCnxn)
[2021-04-10 01:55:38,487] INFO [ThrottledChannelReaper-Fetch]: Stopped (kafka.server.ClientQuotaManager$ThrottledChannelReaper)
[2021-04-10 01:55:38,487] INFO [ThrottledChannelReaper-Fetch]: Shutdown completed (kafka.server.ClientQuotaManager$ThrottledChannelReaper)
[2021-04-10 01:55:38,487] INFO [ThrottledChannelReaper-Produce]: Shutting down (kafka.server.ClientQuotaManager$ThrottledChannelReaper)
[2021-04-10 01:55:39,489] INFO [ThrottledChannelReaper-Produce]: Stopped (kafka.server.ClientQuotaManager$ThrottledChannelReaper)
[2021-04-10 01:55:39,489] INFO [ThrottledChannelReaper-Produce]: Shutdown completed (kafka.server.ClientQuotaManager$ThrottledChannelReaper)
[2021-04-10 01:55:39,489] INFO [ThrottledChannelReaper-Request]: Shutting down (kafka.server.ClientQuotaManager$ThrottledChannelReaper)
[2021-04-10 01:55:40,489] INFO [ThrottledChannelReaper-Request]: Stopped (kafka.server.ClientQuotaManager$ThrottledChannelReaper)
[2021-04-10 01:55:40,490] INFO [ThrottledChannelReaper-Request]: Shutdown completed (kafka.server.ClientQuotaManager$ThrottledChannelReaper)
[2021-04-10 01:55:40,490] INFO [ThrottledChannelReaper-ControllerMutation]: Shutting down (kafka.server.ClientQuotaManager$ThrottledChannelReaper)
[2021-04-10 01:55:41,491] INFO [ThrottledChannelReaper-ControllerMutation]: Stopped (kafka.server.ClientQuotaManager$ThrottledChannelReaper)
[2021-04-10 01:55:41,491] INFO [ThrottledChannelReaper-ControllerMutation]: Shutdown completed (kafka.server.ClientQuotaManager$ThrottledChannelReaper)
[2021-04-10 01:55:41,492] INFO [SocketServer brokerId=0] Shutting down socket server (kafka.network.SocketServer)
[2021-04-10 01:55:41,525] INFO [SocketServer brokerId=0] Shutdown completed (kafka.network.SocketServer)
[2021-04-10 01:55:41,531] INFO Metrics scheduler closed (org.apache.kafka.common.metrics.Metrics)
[2021-04-10 01:55:41,531] INFO Closing reporter org.apache.kafka.common.metrics.JmxReporter (org.apache.kafka.common.metrics.Metrics)
[2021-04-10 01:55:41,531] INFO Metrics reporters closed (org.apache.kafka.common.metrics.Metrics)
[2021-04-10 01:55:41,532] INFO Broker and topic stats closed (kafka.server.BrokerTopicStats)
[2021-04-10 01:55:41,533] INFO App info kafka.server for 0 unregistered (org.apache.kafka.common.utils.AppInfoParser)
[2021-04-10 01:55:41,536] INFO [KafkaServer id=0] shut down completed (kafka.server.KafkaServer)
