[2021-02-05 19:02:12,970] INFO Shutting down the log cleaner. (kafka.log.LogCleaner)
[2021-02-05 19:02:12,970] INFO [kafka-log-cleaner-thread-0]: Shutting down (kafka.log.LogCleaner)
[2021-02-05 19:02:12,970] INFO [kafka-log-cleaner-thread-0]: Stopped (kafka.log.LogCleaner)
[2021-02-05 19:02:12,972] INFO [kafka-log-cleaner-thread-0]: Shutdown completed (kafka.log.LogCleaner)
[2021-02-05 19:02:34,804] INFO Starting the log cleaner (kafka.log.LogCleaner)
[2021-02-05 19:02:34,902] INFO [kafka-log-cleaner-thread-0]: Starting (kafka.log.LogCleaner)
[2021-02-05 19:02:35,468] INFO Shutting down the log cleaner. (kafka.log.LogCleaner)
[2021-02-05 19:02:35,468] INFO [kafka-log-cleaner-thread-0]: Shutting down (kafka.log.LogCleaner)
[2021-02-05 19:02:35,472] INFO [kafka-log-cleaner-thread-0]: Stopped (kafka.log.LogCleaner)
[2021-02-05 19:02:35,484] INFO [kafka-log-cleaner-thread-0]: Shutdown completed (kafka.log.LogCleaner)
[2021-02-05 19:05:51,571] INFO Starting the log cleaner (kafka.log.LogCleaner)
[2021-02-05 19:05:51,679] INFO [kafka-log-cleaner-thread-0]: Starting (kafka.log.LogCleaner)
[2021-02-05 19:08:26,654] INFO Shutting down the log cleaner. (kafka.log.LogCleaner)
[2021-02-05 19:08:26,654] INFO [kafka-log-cleaner-thread-0]: Shutting down (kafka.log.LogCleaner)
[2021-02-05 19:08:26,654] INFO [kafka-log-cleaner-thread-0]: Stopped (kafka.log.LogCleaner)
[2021-02-05 19:08:26,656] INFO [kafka-log-cleaner-thread-0]: Shutdown completed (kafka.log.LogCleaner)
[2021-02-05 19:08:43,308] INFO Starting the log cleaner (kafka.log.LogCleaner)
[2021-02-05 19:08:43,408] INFO [kafka-log-cleaner-thread-0]: Starting (kafka.log.LogCleaner)
[2021-02-05 19:12:28,589] INFO Shutting down the log cleaner. (kafka.log.LogCleaner)
[2021-02-05 19:12:28,589] INFO [kafka-log-cleaner-thread-0]: Shutting down (kafka.log.LogCleaner)
[2021-02-05 19:12:28,589] INFO [kafka-log-cleaner-thread-0]: Stopped (kafka.log.LogCleaner)
[2021-02-05 19:12:28,590] INFO [kafka-log-cleaner-thread-0]: Shutdown completed (kafka.log.LogCleaner)
[2021-02-05 19:12:45,356] INFO Starting the log cleaner (kafka.log.LogCleaner)
[2021-02-05 19:12:45,462] INFO [kafka-log-cleaner-thread-0]: Starting (kafka.log.LogCleaner)
[2021-02-05 19:23:30,515] ERROR Failed to access checkpoint file cleaner-offset-checkpoint in dir /tmp/kafka-logs (kafka.log.LogCleaner)
org.apache.kafka.common.errors.KafkaStorageException: Error while reading checkpoint file /tmp/kafka-logs/cleaner-offset-checkpoint
Caused by: java.nio.file.NoSuchFileException: /tmp/kafka-logs/cleaner-offset-checkpoint
	at sun.nio.fs.UnixException.translateToIOException(UnixException.java:86)
	at sun.nio.fs.UnixException.rethrowAsIOException(UnixException.java:102)
	at sun.nio.fs.UnixException.rethrowAsIOException(UnixException.java:107)
	at sun.nio.fs.UnixFileSystemProvider.newByteChannel(UnixFileSystemProvider.java:214)
	at java.nio.file.Files.newByteChannel(Files.java:361)
	at java.nio.file.Files.newByteChannel(Files.java:407)
	at java.nio.file.spi.FileSystemProvider.newInputStream(FileSystemProvider.java:384)
	at java.nio.file.Files.newInputStream(Files.java:152)
	at java.nio.file.Files.newBufferedReader(Files.java:2784)
	at java.nio.file.Files.newBufferedReader(Files.java:2816)
	at kafka.server.checkpoints.CheckpointFile.liftedTree2$1(CheckpointFile.scala:127)
	at kafka.server.checkpoints.CheckpointFile.read(CheckpointFile.scala:126)
	at kafka.server.checkpoints.OffsetCheckpointFile.read(OffsetCheckpointFile.scala:69)
	at kafka.log.LogCleanerManager.$anonfun$allCleanerCheckpoints$2(LogCleanerManager.scala:134)
	at scala.collection.Iterator$$anon$10.nextCur(Iterator.scala:585)
	at scala.collection.Iterator$$anon$10.hasNext(Iterator.scala:599)
	at scala.collection.immutable.List.prependedAll(List.scala:152)
	at scala.collection.immutable.List$.from(List.scala:651)
	at scala.collection.immutable.List$.from(List.scala:648)
	at scala.collection.IterableFactory$Delegate.from(Factory.scala:288)
	at scala.collection.immutable.Iterable$.from(Iterable.scala:35)
	at scala.collection.immutable.Iterable$.from(Iterable.scala:32)
	at scala.collection.IterableFactory$Delegate.from(Factory.scala:288)
	at scala.collection.IterableOps.flatMap(Iterable.scala:673)
	at scala.collection.IterableOps.flatMap$(Iterable.scala:673)
	at scala.collection.AbstractIterable.flatMap(Iterable.scala:920)
	at kafka.log.LogCleanerManager.$anonfun$allCleanerCheckpoints$1(LogCleanerManager.scala:132)
	at kafka.log.LogCleanerManager.allCleanerCheckpoints(LogCleanerManager.scala:140)
	at kafka.log.LogCleanerManager.$anonfun$grabFilthiestCompactedLog$1(LogCleanerManager.scala:171)
	at kafka.log.LogCleanerManager.grabFilthiestCompactedLog(LogCleanerManager.scala:168)
	at kafka.log.LogCleaner$CleanerThread.cleanFilthiestLog(LogCleaner.scala:346)
	at kafka.log.LogCleaner$CleanerThread.tryCleanFilthiestLog(LogCleaner.scala:333)
	at kafka.log.LogCleaner$CleanerThread.doWork(LogCleaner.scala:322)
	at kafka.utils.ShutdownableThread.run(ShutdownableThread.scala:96)
[2021-02-05 19:23:38,576] INFO Starting the log cleaner (kafka.log.LogCleaner)
[2021-02-05 19:23:38,657] INFO [kafka-log-cleaner-thread-0]: Starting (kafka.log.LogCleaner)
